<?xml version="1.0" encoding="UTF-8"?>
<!-- Generated by org.testng.reporters.JUnitReportReporter -->
<testsuite hostname="sonal" failures="0" tests="1" name="TestPack.Testng" time="0.008" errors="0" timestamp="3 Sep 2023 16:16:13 GMT">
  <testcase classname="TestPack.Testng" name="test" time="0.008"/>
</testsuite> <!-- TestPack.Testng -->
