<?xml version="1.0" encoding="UTF-8"?>
<!-- Generated by org.testng.reporters.JUnitReportReporter -->
<testsuite hostname="sonal" failures="0" tests="8" name="TestPack.LogInTestClass" time="86.305" errors="0" timestamp="15 Sep 2023 05:29:56 GMT">
  <testcase classname="TestPack.LogInTestClass" name="Customerslink" time="9.518"/>
  <testcase classname="TestPack.LogInTestClass" name="SignupLink" time="9.468"/>
  <testcase classname="TestPack.LogInTestClass" name="verifylinks" time="8.798"/>
  <testcase classname="TestPack.LogInTestClass" name="verifyCRMlogo" time="8.667"/>
  <testcase classname="TestPack.LogInTestClass" name="FeaturesLink" time="8.949"/>
  <testcase classname="TestPack.LogInTestClass" name="loginToApplication" time="20.428"/>
  <testcase classname="TestPack.LogInTestClass" name="Pricinglink" time="11.871"/>
  <testcase classname="TestPack.LogInTestClass" name="ContactLink" time="8.606"/>
</testsuite> <!-- TestPack.LogInTestClass -->
